<?xml version="1.0" encoding="UTF-8"?>
<testsuite name="agh.ii.prinjava.proj1.impl.DLinkListTest" tests="6" skipped="0" failures="0" errors="0" timestamp="2022-10-09T13:56:31" hostname="DESKTOP-FP47ISS" time="0.049">
  <properties/>
  <testcase name="addFirst()" classname="agh.ii.prinjava.proj1.impl.DLinkListTest" time="0.037"/>
  <testcase name="addLast()" classname="agh.ii.prinjava.proj1.impl.DLinkListTest" time="0.002"/>
  <testcase name="testToString()" classname="agh.ii.prinjava.proj1.impl.DLinkListTest" time="0.002"/>
  <testcase name="removeFirst()" classname="agh.ii.prinjava.proj1.impl.DLinkListTest" time="0.001"/>
  <testcase name="count()" classname="agh.ii.prinjava.proj1.impl.DLinkListTest" time="0.001"/>
  <testcase name="removeLast()" classname="agh.ii.prinjava.proj1.impl.DLinkListTest" time="0.002"/>
  <system-out><![CDATA[DLinkList = 3;1;2;
DLinkList = 1;4;5;
The list is empty!
DLinkList = 1;3;5;
DLinkList = 1;3;
7
7
DLinkList = 2;1;
]]></system-out>
  <system-err><![CDATA[]]></system-err>
</testsuite>
