<?xml version="1.0" encoding="UTF-8"?>
<testsuite name="agh.ii.prinjava.proj1.impl.DLinkListTest" tests="1" skipped="0" failures="0" errors="0" timestamp="2022-10-10T06:48:23" hostname="DESKTOP-FP47ISS" time="0.033">
  <properties/>
  <testcase name="count()" classname="agh.ii.prinjava.proj1.impl.DLinkListTest" time="0.033"/>
  <system-out><![CDATA[7
7
]]></system-out>
  <system-err><![CDATA[]]></system-err>
</testsuite>
