<?xml version="1.0" encoding="UTF-8"?>
<testsuite name="agh.ii.prinjava.proj1.impl.MyQueueDLLBImplTest" tests="4" skipped="0" failures="0" errors="0" timestamp="2022-10-08T17:32:46" hostname="DESKTOP-FP47ISS" time="0.021">
  <properties/>
  <testcase name="enqueue()" classname="agh.ii.prinjava.proj1.impl.MyQueueDLLBImplTest" time="0.016"/>
  <testcase name="numOfElems()" classname="agh.ii.prinjava.proj1.impl.MyQueueDLLBImplTest" time="0.002"/>
  <testcase name="peek()" classname="agh.ii.prinjava.proj1.impl.MyQueueDLLBImplTest" time="0.001"/>
  <testcase name="dequeue()" classname="agh.ii.prinjava.proj1.impl.MyQueueDLLBImplTest" time="0.001"/>
  <system-out><![CDATA[3
2
]]></system-out>
  <system-err><![CDATA[]]></system-err>
</testsuite>
